"D:/Venus_GitHub/LudensVR_Project_01/LudensVR_Project_01/Content/Ai/Enemy_Type01_BB.uasset" 0
"D:/Venus_GitHub/LudensVR_Project_01/LudensVR_Project_01/Content/Ai/Enemy_Type01_BT.uasset" 1
"D:/Venus_GitHub/LudensVR_Project_01/LudensVR_Project_01/Content/Assassin_Speed_Blade/Materials/T_ASB_BaseColor.uasset" 2
"D:/Venus_GitHub/LudensVR_Project_01/LudensVR_Project_01/Content/Assassin_Speed_Blade/Materials/T_ASB_Emissive.uasset" 3
"D:/Venus_GitHub/LudensVR_Project_01/LudensVR_Project_01/Content/Assassin_Speed_Blade/Materials/T_ASB_MetallicRoughnessOcclusion.uasset" 4
"D:/Venus_GitHub/LudensVR_Project_01/LudensVR_Project_01/Content/Assassin_Speed_Blade/Materials/T_ASB_Normal.uasset" 5
"D:/Venus_GitHub/LudensVR_Project_01/LudensVR_Project_01/Content/Assassin_Speed_Blade/Materials/M_Assassin_Speed_Blade.uasset" 6
"D:/Venus_GitHub/LudensVR_Project_01/LudensVR_Project_01/Content/Assassin_Speed_Blade/SM_Assassin_Speed_Blade_Small.uasset" 7
"D:/Venus_GitHub/LudensVR_Project_01/LudensVR_Project_01/Content/Biotech_Rogue/Mesh/Biotech_Rogue_Skeleton.uasset" 8
"D:/Venus_GitHub/LudensVR_Project_01/LudensVR_Project_01/Content/Biotech_Rogue/Animations/Biotech_Rogue_Idle.uasset" 9
"D:/Venus_GitHub/LudensVR_Project_01/LudensVR_Project_01/Content/Biotech_Rogue/Animations/Biotech_Rogue_Run.uasset" 10
"D:/Venus_GitHub/LudensVR_Project_01/LudensVR_Project_01/Content/Biotech_Rogue/Animations/Biotech_Rogue_Walk.uasset" 11
"D:/Venus_GitHub/LudensVR_Project_01/LudensVR_Project_01/Content/Biotech_Rogue/Animations/dead2.uasset" 12
"D:/Venus_GitHub/LudensVR_Project_01/LudensVR_Project_01/Content/Biotech_Rogue/Animations/dead4.uasset" 13
"D:/Venus_GitHub/LudensVR_Project_01/LudensVR_Project_01/Content/Biotech_Rogue/Animations/TP_EnemyBP_Type01.uasset" 14
"../../../Engine/Content/Functions/Engine_MaterialFunctions02/SplitComponents.uasset" 15
"../../../Engine/Content/Functions/Engine_MaterialFunctions02/Utility/BreakOutFloat3Components.uasset" 16
"D:/Venus_GitHub/LudensVR_Project_01/LudensVR_Project_01/Content/Biotech_Rogue/Materials/BT_RGB_Masks01.uasset" 17
"D:/Venus_GitHub/LudensVR_Project_01/LudensVR_Project_01/Content/Biotech_Rogue/Textures/T_Biotech_Rogue_Mask01.uasset" 18
"D:/Venus_GitHub/LudensVR_Project_01/LudensVR_Project_01/Content/Biotech_Rogue/Textures/T_Biotech_Rogue_Mask02.uasset" 19
"D:/Venus_GitHub/LudensVR_Project_01/LudensVR_Project_01/Content/Biotech_Rogue/Textures/T_Biotech_Rogue_N.uasset" 20
"D:/Venus_GitHub/LudensVR_Project_01/LudensVR_Project_01/Content/Biotech_Rogue/Textures/T_Biotech_Rogue_R_M_AO.uasset" 21
"D:/Venus_GitHub/LudensVR_Project_01/LudensVR_Project_01/Content/Biotech_Rogue/Materials/M_Biotech_Rogue.uasset" 22
"D:/Venus_GitHub/LudensVR_Project_01/LudensVR_Project_01/Content/Biotech_Rogue/Materials/MI_Biotech_Rogue01.uasset" 23
"D:/Venus_GitHub/LudensVR_Project_01/LudensVR_Project_01/Content/Biotech_Rogue/Mesh/Biotech_Rogue_Physics.uasset" 24
"D:/Venus_GitHub/LudensVR_Project_01/LudensVR_Project_01/Content/Biotech_Rogue/Mesh/SK_Biotech_Rogue.uasset" 25
"D:/Venus_GitHub/LudensVR_Project_01/LudensVR_Project_01/Content/Biotech_Toxic/Mesh/Biotech_Toxic_Skeleton.uasset" 26
"D:/Venus_GitHub/LudensVR_Project_01/LudensVR_Project_01/Content/Biotech_Toxic/Animations/Biotech_Toxic_Idle.uasset" 27
"D:/Venus_GitHub/LudensVR_Project_01/LudensVR_Project_01/Content/Biotech_Toxic/Animations/Biotech_Toxic_Run.uasset" 28
"D:/Venus_GitHub/LudensVR_Project_01/LudensVR_Project_01/Content/Biotech_Toxic/Animations/Biotech_Toxic_Walk.uasset" 29
"D:/Venus_GitHub/LudensVR_Project_01/LudensVR_Project_01/Content/Biotech_Toxic/Animations/dead4.uasset" 30
"D:/Venus_GitHub/LudensVR_Project_01/LudensVR_Project_01/Content/Biotech_Toxic/Animations/TP_Enemy_Type02.uasset" 31
"D:/Venus_GitHub/LudensVR_Project_01/LudensVR_Project_01/Content/Biotech_Toxic/Materials/BT_RGB_Masks01.uasset" 32
"D:/Venus_GitHub/LudensVR_Project_01/LudensVR_Project_01/Content/Biotech_Toxic/Textures/T_BioTech_Toxic_Mask_01.uasset" 33
"D:/Venus_GitHub/LudensVR_Project_01/LudensVR_Project_01/Content/Biotech_Toxic/Textures/T_BioTech_Toxic_Mask_02.uasset" 34
"D:/Venus_GitHub/LudensVR_Project_01/LudensVR_Project_01/Content/Biotech_Toxic/Textures/T_BioTech_Toxic_N.uasset" 35
"D:/Venus_GitHub/LudensVR_Project_01/LudensVR_Project_01/Content/Biotech_Toxic/Textures/T_BioTech_Toxic_R_M_AO.uasset" 36
"D:/Venus_GitHub/LudensVR_Project_01/LudensVR_Project_01/Content/Biotech_Toxic/Materials/M_BT_Toxic.uasset" 37
"D:/Venus_GitHub/LudensVR_Project_01/LudensVR_Project_01/Content/Biotech_Toxic/Materials/MI_BT_Toxic_04.uasset" 38
"D:/Venus_GitHub/LudensVR_Project_01/LudensVR_Project_01/Content/Biotech_Toxic/Mesh/Biotech_Toxic_PhysicsAsset.uasset" 39
"D:/Venus_GitHub/LudensVR_Project_01/LudensVR_Project_01/Content/Biotech_Toxic/Mesh/SK_Biotech_Toxic.uasset" 40
"D:/Venus_GitHub/LudensVR_Project_01/LudensVR_Project_01/Content/BulletVFX/Textures/BulletNormal.uasset" 41
"D:/Venus_GitHub/LudensVR_Project_01/LudensVR_Project_01/Content/BulletVFX/Textures/t_BulletBase.uasset" 42
"D:/Venus_GitHub/LudensVR_Project_01/LudensVR_Project_01/Content/bulletvfx/Materials/M_BulletEject.uasset" 43
"D:/Venus_GitHub/LudensVR_Project_01/LudensVR_Project_01/Content/bulletvfx/Meshes/SM_BulletCasing.uasset" 44
"D:/Venus_GitHub/LudensVR_Project_01/LudensVR_Project_01/Content/bulletvfx/Particles/VFX_Eject_bullet.uasset" 45
"D:/Venus_GitHub/LudensVR_Project_01/LudensVR_Project_01/Content/ElectroActionMusic/Wavs/SongLoops/Stomper_Loop_Action1.uasset" 46
"D:/Venus_GitHub/LudensVR_Project_01/LudensVR_Project_01/Content/Footsteps_Ultimate/Concrete/Wav/footsteps_concrete__x12.uasset" 47
"D:/Venus_GitHub/LudensVR_Project_01/LudensVR_Project_01/Content/Geometry/Meshes/CubeMaterial.uasset" 48
"D:/Venus_GitHub/LudensVR_Project_01/LudensVR_Project_01/Content/Geometry/Meshes/1M_Cube.uasset" 49
"D:/Venus_GitHub/LudensVR_Project_01/LudensVR_Project_01/Content/Glitch_Sound_Effects/wavs/Glitch_156_Wav.uasset" 50
"D:/Venus_GitHub/LudensVR_Project_01/LudensVR_Project_01/Content/IBFPModernCivilianHands/Hands/Textures/TEX_Male-Fingerless-Gloves_AO.uasset" 51
"D:/Venus_GitHub/LudensVR_Project_01/LudensVR_Project_01/Content/IBFPModernCivilianHands/Hands/Textures/TEX_Male-Fingerless-Gloves_COL.uasset" 52
"D:/Venus_GitHub/LudensVR_Project_01/LudensVR_Project_01/Content/IBFPModernCivilianHands/Hands/Textures/TEX_Male-Fingerless-Gloves_ID.uasset" 53
"D:/Venus_GitHub/LudensVR_Project_01/LudensVR_Project_01/Content/IBFPModernCivilianHands/Hands/Textures/TEX_Male-Fingerless-Gloves_MET.uasset" 54
"D:/Venus_GitHub/LudensVR_Project_01/LudensVR_Project_01/Content/IBFPModernCivilianHands/Hands/Textures/TEX_Male-Fingerless-Gloves_NRM.uasset" 55
"D:/Venus_GitHub/LudensVR_Project_01/LudensVR_Project_01/Content/IBFPModernCivilianHands/Hands/Textures/TEX_Male-Fingerless-Gloves_RGS.uasset" 56
"D:/Venus_GitHub/LudensVR_Project_01/LudensVR_Project_01/Content/IBFPModernCivilianHands/MasterMaterial/Master_Hand.uasset" 57
"D:/Venus_GitHub/LudensVR_Project_01/LudensVR_Project_01/Content/IBFPModernCivilianHands/MasterMaterial/MAT_Male_Fingerless.uasset" 58
"D:/Venus_GitHub/LudensVR_Project_01/LudensVR_Project_01/Content/IBFPModernCivilianHands/Hands/FPSHands_Skeleton.uasset" 59
"D:/Venus_GitHub/LudensVR_Project_01/LudensVR_Project_01/Content/IBFPModernCivilianHands/Hands/PA_Hands.uasset" 60
"D:/Venus_GitHub/LudensVR_Project_01/LudensVR_Project_01/Content/IBFPModernCivilianHands/Hands/SKM_Male_Fingerless.uasset" 61
"D:/Venus_GitHub/LudensVR_Project_01/LudensVR_Project_01/Content/IBFPModernCivilianHands/Hands/Textures/TEX_Male-Motorcycle-Gloves_AO.uasset" 62
"D:/Venus_GitHub/LudensVR_Project_01/LudensVR_Project_01/Content/IBFPModernCivilianHands/Hands/Textures/TEX_Male-Motorcycle-Gloves_COL.uasset" 63
"D:/Venus_GitHub/LudensVR_Project_01/LudensVR_Project_01/Content/IBFPModernCivilianHands/Hands/Textures/TEX_Male-Motorcycle-Gloves_ID.uasset" 64
"D:/Venus_GitHub/LudensVR_Project_01/LudensVR_Project_01/Content/IBFPModernCivilianHands/Hands/Textures/TEX_Male-Motorcycle-Gloves_MET.uasset" 65
"D:/Venus_GitHub/LudensVR_Project_01/LudensVR_Project_01/Content/IBFPModernCivilianHands/Hands/Textures/TEX_Male-Motorcycle-Gloves_NRM.uasset" 66
"D:/Venus_GitHub/LudensVR_Project_01/LudensVR_Project_01/Content/IBFPModernCivilianHands/Hands/Textures/TEX_Male-Motorcycle-Gloves_RGS.uasset" 67
"D:/Venus_GitHub/LudensVR_Project_01/LudensVR_Project_01/Content/IBFPModernCivilianHands/MasterMaterial/MAT_Male-Motorcycle-Gloves.uasset" 68
"D:/Venus_GitHub/LudensVR_Project_01/LudensVR_Project_01/Content/IBFPModernCivilianHands/Hands_VR/PA_VRHand_R.uasset" 69
"D:/Venus_GitHub/LudensVR_Project_01/LudensVR_Project_01/Content/IBFPModernCivilianHands/Hands_VR/SK_VRHand_R.uasset" 70
"D:/Venus_GitHub/LudensVR_Project_01/LudensVR_Project_01/Content/IBFPModernCivilianHands/Hands_VR/SKM_VR_Male_Motorcycle_Gloves_R.uasset" 71
"D:/Venus_GitHub/LudensVR_Project_01/LudensVR_Project_01/Content/IBFPModernCivilianHands/Hands_VR/Animations/LV_MadebyCJH/LV_Right_arm_pistol_shot.uasset" 72
"D:/Venus_GitHub/LudensVR_Project_01/LudensVR_Project_01/Content/IBFPModernCivilianHands/Hands_VR/Animations/LV_MadebyCJH/LV_Right_arm_idle.uasset" 73
"D:/Venus_GitHub/LudensVR_Project_01/LudensVR_Project_01/Content/IBFPModernCivilianHands/Hands_VR/Animations/LV_MadebyCJH/LV_Right_arm_normal_grip.uasset" 74
"D:/Venus_GitHub/LudensVR_Project_01/LudensVR_Project_01/Content/IBFPModernCivilianHands/Hands_VR/Animations/LV_MadebyCJH/LV_Right_pistol_grip.uasset" 75
"D:/Venus_GitHub/LudensVR_Project_01/LudensVR_Project_01/Content/LudensVR/Anim/Glove_VR_Hand_BS.uasset" 76
"D:/Venus_GitHub/LudensVR_Project_01/LudensVR_Project_01/Content/LudensVR/Anim/Glove_VR_Hand_AnimBP.uasset" 77
"D:/Venus_GitHub/LudensVR_Project_01/LudensVR_Project_01/Content/LudensVR/Texture/Asset_12_4x.uasset" 78
"D:/Venus_GitHub/LudensVR_Project_01/LudensVR_Project_01/Content/LudensVR/Material/Asset_12_4x_Mat.uasset" 79
"D:/Venus_GitHub/LudensVR_Project_01/LudensVR_Project_01/Content/LudensVR/Mesh/LV_Logo.uasset" 80
"D:/Venus_GitHub/LudensVR_Project_01/LudensVR_Project_01/Content/LudensVR/Texture/The_Avenger_VR_white.uasset" 81
"D:/Venus_GitHub/LudensVR_Project_01/LudensVR_Project_01/Content/LudensVR/Material/The_Avenger_VR_white_Mat.uasset" 82
"D:/Venus_GitHub/LudensVR_Project_01/LudensVR_Project_01/Content/LudensVR/Mesh/LV_Logo_2.uasset" 83
"D:/Venus_GitHub/LudensVR_Project_01/LudensVR_Project_01/Content/LudensVR/Texture/Popup.uasset" 84
"D:/Venus_GitHub/LudensVR_Project_01/LudensVR_Project_01/Content/LudensVR/Material/LV_Normal_GUI_Material.uasset" 85
"D:/Venus_GitHub/LudensVR_Project_01/LudensVR_Project_01/Content/LudensVR/Mesh/LV_Normal_GUI.uasset" 86
"D:/Venus_GitHub/LudensVR_Project_01/LudensVR_Project_01/Content/StarterContent/Textures/T_Burst_M.uasset" 87
"D:/Venus_GitHub/LudensVR_Project_01/LudensVR_Project_01/Content/StarterContent/Particles/Materials/M_Burst.uasset" 88
"D:/Venus_GitHub/LudensVR_Project_01/LudensVR_Project_01/Content/StarterContent/Textures/T_Explosion_SubUV.uasset" 89
"D:/Venus_GitHub/LudensVR_Project_01/LudensVR_Project_01/Content/StarterContent/Particles/Materials/M_explosion_subUV.uasset" 90
"D:/Venus_GitHub/LudensVR_Project_01/LudensVR_Project_01/Content/StarterContent/Particles/Materials/m_flare_01.uasset" 91
"../../../Engine/Content/Functions/Engine_MaterialFunctions01/Gradient/RadialGradient.uasset" 92
"D:/Venus_GitHub/LudensVR_Project_01/LudensVR_Project_01/Content/StarterContent/Particles/Materials/M_radial_ramp.uasset" 93
"D:/Venus_GitHub/LudensVR_Project_01/LudensVR_Project_01/Content/StarterContent/Textures/T_Smoke_SubUV.uasset" 94
"D:/Venus_GitHub/LudensVR_Project_01/LudensVR_Project_01/Content/StarterContent/Textures/T_Smoke_Tiled_D.uasset" 95
"D:/Venus_GitHub/LudensVR_Project_01/LudensVR_Project_01/Content/StarterContent/Particles/Materials/M_smoke_subUV.uasset" 96
"D:/Venus_GitHub/LudensVR_Project_01/LudensVR_Project_01/Content/LudensVR/Particle/P_Explosion.uasset" 97
"D:/Venus_GitHub/LudensVR_Project_01/LudensVR_Project_01/Content/Muzzles/Textures/singles2.uasset" 98
"D:/Venus_GitHub/LudensVR_Project_01/LudensVR_Project_01/Content/Muzzles/Materials/M_FlashSet2.uasset" 99
"D:/Venus_GitHub/LudensVR_Project_01/LudensVR_Project_01/Content/Muzzles/Textures/T_Clouds_01.uasset" 100
"D:/Venus_GitHub/LudensVR_Project_01/LudensVR_Project_01/Content/Muzzles/Textures/T_SmokeBall_01_8_8.uasset" 101
"D:/Venus_GitHub/LudensVR_Project_01/LudensVR_Project_01/Content/Muzzles/Materials/M_ImpactSmoke.uasset" 102
"D:/Venus_GitHub/LudensVR_Project_01/LudensVR_Project_01/Content/Muzzles/Textures/T_Lensflare_01.uasset" 103
"D:/Venus_GitHub/LudensVR_Project_01/LudensVR_Project_01/Content/Muzzles/Materials/M_Lensflare_01.uasset" 104
"../../../Engine/Content/Functions/Engine_MaterialFunctions01/Gradient/LinearGradient.uasset" 105
"D:/Venus_GitHub/LudensVR_Project_01/LudensVR_Project_01/Content/Muzzles/Textures/T_SquareMaskTightEdge.uasset" 106
"D:/Venus_GitHub/LudensVR_Project_01/LudensVR_Project_01/Content/Muzzles/Textures/T_TileNoise.uasset" 107
"D:/Venus_GitHub/LudensVR_Project_01/LudensVR_Project_01/Content/Muzzles/Materials/M_MuzzleGlow.uasset" 108
"D:/Venus_GitHub/LudensVR_Project_01/LudensVR_Project_01/Content/Muzzles/Materials/M_SmokeBall.uasset" 109
"D:/Venus_GitHub/LudensVR_Project_01/LudensVR_Project_01/Content/Muzzles/Materials/M_SoftGradient_Muzzle.uasset" 110
"D:/Venus_GitHub/LudensVR_Project_01/LudensVR_Project_01/Content/Muzzles/Textures/T_Water_N.uasset" 111
"D:/Venus_GitHub/LudensVR_Project_01/LudensVR_Project_01/Content/Muzzles/Materials/M_Heat_Distortion.uasset" 112
"D:/Venus_GitHub/LudensVR_Project_01/LudensVR_Project_01/Content/Muzzles/Materials/M_Heat_Distortion_Inst.uasset" 113
"D:/Venus_GitHub/LudensVR_Project_01/LudensVR_Project_01/Content/Muzzles/Meshes/SM_MuzzleCone.uasset" 114
"D:/Venus_GitHub/LudensVR_Project_01/LudensVR_Project_01/Content/Muzzles/Particles/P_MuzzleFlash21.uasset" 115
"D:/Venus_GitHub/LudensVR_Project_01/LudensVR_Project_01/Content/Portals/Textures/T_Explode2b.uasset" 116
"D:/Venus_GitHub/LudensVR_Project_01/LudensVR_Project_01/Content/Portals/Materials/M_Explode2b.uasset" 117
"../../../Engine/Content/ArtTools/RenderToTexture/Textures/127grey.uasset" 118
"../../../Engine/Content/Functions/Engine_MaterialFunctions02/ExampleContent/Textures/flipbook.uasset" 119
"../../../Engine/Content/Functions/Engine_MaterialFunctions02/Texturing/FlipBook_MotionVectors.uasset" 120
"D:/Venus_GitHub/LudensVR_Project_01/LudensVR_Project_01/Content/Portals/Textures/T_Fireball3_MV.uasset" 121
"D:/Venus_GitHub/LudensVR_Project_01/LudensVR_Project_01/Content/Portals/Textures/T_LoopingFire2_P.uasset" 122
"D:/Venus_GitHub/LudensVR_Project_01/LudensVR_Project_01/Content/Portals/Materials/M_PortalBase3.uasset" 123
"D:/Venus_GitHub/LudensVR_Project_01/LudensVR_Project_01/Content/Portals/Materials/MI_PortalStyle3b.uasset" 124
"D:/Venus_GitHub/LudensVR_Project_01/LudensVR_Project_01/Content/Portals/Materials/M_PortalBase1.uasset" 125
"D:/Venus_GitHub/LudensVR_Project_01/LudensVR_Project_01/Content/Portals/Materials/MI_PortalStyle1b.uasset" 126
"D:/Venus_GitHub/LudensVR_Project_01/LudensVR_Project_01/Content/Portals/Meshes/SM_PortalBall.uasset" 127
"D:/Venus_GitHub/LudensVR_Project_01/LudensVR_Project_01/Content/Portals/Particles/P_Portal6.uasset" 128
"D:/Venus_GitHub/LudensVR_Project_01/LudensVR_Project_01/Content/Sci-fi_Swords_Pack_1/Materials/Sci-fi_Frozen_Sword/T_Sci-fi_Frozen_Sword_BaseColor.uasset" 129
"D:/Venus_GitHub/LudensVR_Project_01/LudensVR_Project_01/Content/Sci-fi_Swords_Pack_1/Materials/Sci-fi_Frozen_Sword/T_Sci-fi_Frozen_Sword_Emissive.uasset" 130
"D:/Venus_GitHub/LudensVR_Project_01/LudensVR_Project_01/Content/Sci-fi_Swords_Pack_1/Materials/Sci-fi_Frozen_Sword/T_Sci-fi_Frozen_Sword_Normal.uasset" 131
"D:/Venus_GitHub/LudensVR_Project_01/LudensVR_Project_01/Content/Sci-fi_Swords_Pack_1/Materials/Sci-fi_Frozen_Sword/T_Sci-fi_Frozen_Sword_OcclusionRoughnessMetallic.uasset" 132
"D:/Venus_GitHub/LudensVR_Project_01/LudensVR_Project_01/Content/Sci-fi_Swords_Pack_1/Materials/M_Sci-fi_Swords_Pack_1_Master.uasset" 133
"D:/Venus_GitHub/LudensVR_Project_01/LudensVR_Project_01/Content/Sci-fi_Swords_Pack_1/Materials/Sci-fi_Frozen_Sword/MI_Sci-fi_Frozen_Sword.uasset" 134
"D:/Venus_GitHub/LudensVR_Project_01/LudensVR_Project_01/Content/Sci-fi_Swords_Pack_1/SM_Sci-fi_Frozen_Sword_Sword.uasset" 135
"D:/Venus_GitHub/LudensVR_Project_01/LudensVR_Project_01/Content/SciFi_Weapons/Game/Sounds/Wave/AmmoPickup.uasset" 136
"D:/Venus_GitHub/LudensVR_Project_01/LudensVR_Project_01/Content/SciFi_Weapons/Game/Sounds/Wave/SMG_Fire_Single.uasset" 137
"D:/Venus_GitHub/LudensVR_Project_01/LudensVR_Project_01/Content/SciFi_Weapons/Game/Weapons/Pistol/Mesh/Pistol_Skeleton.uasset" 138
"D:/Venus_GitHub/LudensVR_Project_01/LudensVR_Project_01/Content/SciFi_Weapons/Game/Weapons/Pistol/Animations/Pistol/Pistol_Fire.uasset" 139
"D:/Venus_GitHub/LudensVR_Project_01/LudensVR_Project_01/Content/SciFi_Weapons/Game/Weapons/Commons/Materials/Masters/M_Shell.uasset" 140
"D:/Venus_GitHub/LudensVR_Project_01/LudensVR_Project_01/Content/SciFi_Weapons/Game/Weapons/Commons/Materials/MI_Bullet.uasset" 141
"D:/Venus_GitHub/LudensVR_Project_01/LudensVR_Project_01/Content/SciFi_Weapons/Game/Weapons/Commons/Materials/MI_Shell.uasset" 142
"D:/Venus_GitHub/LudensVR_Project_01/LudensVR_Project_01/Content/SciFi_Weapons/Game/Player/Materials/Textures/UE4_LOGO_CARD.uasset" 143
"D:/Venus_GitHub/LudensVR_Project_01/LudensVR_Project_01/Content/SciFi_Weapons/Game/Player/Materials/Textures/UE4Man_Logo_N.uasset" 144
"D:/Venus_GitHub/LudensVR_Project_01/LudensVR_Project_01/Content/SciFi_Weapons/Game/Weapons/Commons/Materials/Masters/M_Weapons.uasset" 145
"D:/Venus_GitHub/LudensVR_Project_01/LudensVR_Project_01/Content/SciFi_Weapons/Game/Weapons/Pistol/Materials/Textures/Pistol_A.uasset" 146
"D:/Venus_GitHub/LudensVR_Project_01/LudensVR_Project_01/Content/SciFi_Weapons/Game/Weapons/Pistol/Materials/Textures/Pistol_N.uasset" 147
"D:/Venus_GitHub/LudensVR_Project_01/LudensVR_Project_01/Content/SciFi_Weapons/Game/Weapons/Pistol/Materials/Textures/Pistol_S.uasset" 148
"D:/Venus_GitHub/LudensVR_Project_01/LudensVR_Project_01/Content/SciFi_Weapons/Game/Weapons/Pistol/Materials/MI_Pistol.uasset" 149
"D:/Venus_GitHub/LudensVR_Project_01/LudensVR_Project_01/Content/SciFi_Weapons/Game/Weapons/Commons/Materials/Masters/M_Glow.uasset" 150
"D:/Venus_GitHub/LudensVR_Project_01/LudensVR_Project_01/Content/SciFi_Weapons/Game/Weapons/Pistol/Materials/MI_Pistol_Glow.uasset" 151
"D:/Venus_GitHub/LudensVR_Project_01/LudensVR_Project_01/Content/SciFi_Weapons/Game/Weapons/Pistol/Materials/Textures/Pistol_LO_A.uasset" 152
"D:/Venus_GitHub/LudensVR_Project_01/LudensVR_Project_01/Content/SciFi_Weapons/Game/Weapons/Pistol/Materials/Textures/Pistol_LO_N.uasset" 153
"D:/Venus_GitHub/LudensVR_Project_01/LudensVR_Project_01/Content/SciFi_Weapons/Game/Weapons/Pistol/Materials/Textures/Pistol_LO_S.uasset" 154
"D:/Venus_GitHub/LudensVR_Project_01/LudensVR_Project_01/Content/SciFi_Weapons/Game/Weapons/Pistol/Materials/MI_Pistol_LO.uasset" 155
"D:/Venus_GitHub/LudensVR_Project_01/LudensVR_Project_01/Content/SciFi_Weapons/Game/Weapons/Pistol/Mesh/Pistol_PhysicsAsset.uasset" 156
"D:/Venus_GitHub/LudensVR_Project_01/LudensVR_Project_01/Content/SciFi_Weapons/Game/Weapons/Pistol/Mesh/Pistol.uasset" 157
"D:/Venus_GitHub/LudensVR_Project_01/LudensVR_Project_01/Content/StarterContent/Materials/M_Basic_Wall.uasset" 158
"D:/Venus_GitHub/LudensVR_Project_01/LudensVR_Project_01/Content/StarterContent/Shapes/Shape_Cube.uasset" 159
"D:/Venus_GitHub/LudensVR_Project_01/LudensVR_Project_01/Content/SwordSounds/07_Sword03_by_lostchocolatelab_Id_1456.uasset" 160
"D:/Venus_GitHub/LudensVR_Project_01/LudensVR_Project_01/Content/SwordSounds/Drawing_Sword_by_Mediapaja2009_Id_162560.uasset" 161
"../../../Engine/Content/Functions/Engine_MaterialFunctions02/Utility/CameraDirectionVector.uasset" 162
"../../../Engine/Content/Functions/Engine_MaterialFunctions02/Utility/DepthFromWorldPosition.uasset" 163
"D:/Venus_GitHub/LudensVR_Project_01/LudensVR_Project_01/Content/VirtualReality/Materials/MF_OccludedPixels.uasset" 164
"D:/Venus_GitHub/LudensVR_Project_01/LudensVR_Project_01/Content/VirtualReality/Materials/TeleportMCP.uasset" 165
"../../../Engine/Content/EngineMaterials/Good64x64TilingNoiseHighFreq.uasset" 166
"D:/Venus_GitHub/LudensVR_Project_01/LudensVR_Project_01/Content/VirtualReality/Materials/M_TeleportPreviews.uasset" 167
"D:/Venus_GitHub/LudensVR_Project_01/LudensVR_Project_01/Content/VirtualReality/Materials/MI_ChaperoneOutline.uasset" 168
"D:/Venus_GitHub/LudensVR_Project_01/LudensVR_Project_01/Content/VirtualReality/Materials/M_BaseMaterial.uasset" 169
"D:/Venus_GitHub/LudensVR_Project_01/LudensVR_Project_01/Content/VirtualReality/Materials/MI_SmallCubes.uasset" 170
"D:/Venus_GitHub/LudensVR_Project_01/LudensVR_Project_01/Content/VirtualReality/Materials/MI_TeleportCylinderPreview.uasset" 171
"../../../Engine/Content/Functions/Engine_MaterialFunctions02/Utility/BreakOutFloat2Components.uasset" 172
"../../../Engine/Content/Functions/Engine_MaterialFunctions01/Texturing/ScaleUVsByCenter.uasset" 173
"../../../Engine/Content/Functions/Engine_MaterialFunctions02/ScreenResolution.uasset" 174
"../../../Engine/Content/Functions/Engine_MaterialFunctions02/Texturing/ScreenAlignedUVs.uasset" 175
"D:/Venus_GitHub/LudensVR_Project_01/LudensVR_Project_01/Content/VirtualReality/Materials/M_ArcEndpoint.uasset" 176
"D:/Venus_GitHub/LudensVR_Project_01/LudensVR_Project_01/Content/VirtualReality/Materials/M_SplineArcMat.uasset" 177
"../../../Engine/Content/Functions/Engine_MaterialFunctions01/Opacity/CameraDepthFade.uasset" 178
"../../../Engine/Content/EngineMaterials/T_Default_Material_Grid_M.uasset" 179
"../../../Engine/Content/EngineMaterials/T_Default_Material_Grid_N.uasset" 180
"../../../Engine/Content/EngineMaterials/WorldGridMaterial.uasset" 181
"D:/Venus_GitHub/LudensVR_Project_01/LudensVR_Project_01/Content/VirtualReality/Meshes/1x1_cube.uasset" 182
"D:/Venus_GitHub/LudensVR_Project_01/LudensVR_Project_01/Content/VirtualReality/Meshes/BeaconDirection.uasset" 183
"D:/Venus_GitHub/LudensVR_Project_01/LudensVR_Project_01/Content/VirtualReality/Meshes/BeamMesh.uasset" 184
"D:/Venus_GitHub/LudensVR_Project_01/LudensVR_Project_01/Content/VirtualReality/Meshes/SM_FatCylinder.uasset" 185
"D:/Venus_GitHub/LudensVR_Project_01/LudensVR_Project_01/Content/VirtualRealityBP/Blueprints/MotionControllerHaptics.uasset" 186
"../../../Engine/Content/ArtTools/RenderToTexture/Meshes/S_1_Unit_Plane.uasset" 187
"../../../Engine/Content/EngineMaterials/DefaultMaterial.uasset" 188
"../../../Engine/Content/BasicShapes/Cone.uasset" 189
"../../../Engine/Content/BasicShapes/Cube.uasset" 190
"../../../Engine/Content/BasicShapes/Cylinder.uasset" 191
"../../../Engine/Content/BasicShapes/Plane.uasset" 192
"../../../Engine/Content/BasicShapes/Sphere.uasset" 193
"../../../Engine/Content/EditorLandscapeResources/DataLayer.uasset" 194
"../../../Engine/Content/EditorMaterials/GizmoMaterial.uasset" 195
"../../../Engine/Content/EditorMaterials/MAT_Groups_Toggle.uasset" 196
"../../../Engine/Content/EditorMaterials/MAT_Groups_Visibility.uasset" 197
"../../../Engine/Content/EditorMaterials/PreviewShadowIndicator.uasset" 198
"../../../Engine/Content/EditorMaterials/PreviewShadowIndicatorMaterial.uasset" 199
"../../../Engine/Content/EditorMaterials/MatineeGroups/MAT_ColorTrack.uasset" 200
"../../../Engine/Content/EditorMaterials/MatineeGroups/MAT_Groups_Anim.uasset" 201
"../../../Engine/Content/EditorMaterials/MatineeGroups/MAT_Groups_AudioMaster.uasset" 202
"../../../Engine/Content/EditorMaterials/MatineeGroups/MAT_Groups_Director.uasset" 203
"../../../Engine/Content/EditorMaterials/MatineeGroups/MAT_Groups_Event.uasset" 204
"../../../Engine/Content/EditorMaterials/MatineeGroups/MAT_Groups_Fade.uasset" 205
"../../../Engine/Content/EditorMaterials/MatineeGroups/MAT_Groups_Float.uasset" 206
"../../../Engine/Content/EditorMaterials/MatineeGroups/MAT_Groups_Move.uasset" 207
"../../../Engine/Content/EditorMaterials/MatineeGroups/MAT_Groups_Slomo.uasset" 208
"../../../Engine/Content/EditorMaterials/MatineeGroups/MAT_Groups_Sound.uasset" 209
"../../../Engine/Content/EditorMaterials/MatineeGroups/MAT_Groups_Vector.uasset" 210
"../../../Engine/Content/EditorMaterials/ParticleSystems/PSysThumbnail_NoImage.uasset" 211
"../../../Engine/Content/EditorMaterials/ParticleSystems/PSysThumbnail_OOD.uasset" 212
"../../../Engine/Content/EditorMaterials/Camera/CineMat.uasset" 213
"../../../Engine/Content/EditorMaterials/Camera/MI_CineMat_Rig.uasset" 214
"../../../Engine/Content/EditorMeshes/Camera/SM_CraneRig_Arm.uasset" 215
"../../../Engine/Content/EditorMeshes/Camera/SM_CraneRig_Base.uasset" 216
"../../../Engine/Content/EditorMeshes/Camera/SM_CraneRig_Body.uasset" 217
"../../../Engine/Content/EditorMeshes/Camera/SM_CraneRig_Mount.uasset" 218
"../../../Engine/Content/EditorMeshes/Camera/SM_RailRig_Mount.uasset" 219
"../../../Engine/Content/EditorMeshes/Camera/SM_RailRig_Track.uasset" 220
"../../../Engine/Content/EditorResources/BSPVertex.uasset" 221
"../../../Engine/Content/EditorResources/EmptyActor.uasset" 222
"../../../Engine/Content/EditorResources/S_Actor.uasset" 223
"../../../Engine/Content/EditorResources/S_Trigger.uasset" 224
"../../../Engine/Content/EditorResources/AudioIcons/S_AudioComponent.uasset" 225
"../../../Engine/Content/EditorResources/LightIcons/S_LightError.uasset" 226
"../../../Engine/Content/EditorResources/SequenceRecorder/Countdown.uasset" 227
"../../../Engine/Content/EditorResources/SequenceRecorder/RecordingIndicator.uasset" 228
"../../../Engine/Content/EditorSounds/Notifications/CompileFailed.uasset" 229
"../../../Engine/Content/EditorSounds/Notifications/CompileFailed_Cue.uasset" 230
"../../../Engine/Content/EditorSounds/Notifications/CompileSuccess.uasset" 231
"../../../Engine/Content/EditorSounds/Notifications/CompileStart_Cue.uasset" 232
"../../../Engine/Content/EditorSounds/Notifications/CompileSuccess_Cue.uasset" 233
"../../../Engine/Content/EngineDamageTypes/DmgTypeBP_Environmental.uasset" 234
"../../../Engine/Content/EngineDebugMaterials/HeatmapGradient.uasset" 235
"../../../Engine/Content/EngineDebugMaterials/BoneWeightMaterial.uasset" 236
"../../../Engine/Content/EngineDebugMaterials/ClothMaterial.uasset" 237
"../../../Engine/Content/EngineDebugMaterials/ClothMaterial_WF.uasset" 238
"../../../Engine/Content/EngineDebugMaterials/DebugEditorMaterial.uasset" 239
"../../../Engine/Content/EngineDebugMaterials/DebugMeshMaterial.uasset" 240
"../../../Engine/Content/EngineDebugMaterials/GeomMaterial.uasset" 241
"../../../Engine/Content/EngineDebugMaterials/M_SimpleTranslucent.uasset" 242
"../../../Engine/Content/EngineFonts/Faces/RobotoBold.uasset" 243
"../../../Engine/Content/EngineFonts/Faces/RobotoBoldItalic.uasset" 244
"../../../Engine/Content/EngineFonts/Faces/RobotoItalic.uasset" 245
"../../../Engine/Content/EngineFonts/Faces/RobotoLight.uasset" 246
"../../../Engine/Content/EngineFonts/Faces/RobotoRegular.uasset" 247
"../../../Engine/Content/EngineFonts/Roboto.uasset" 248
"../../../Engine/Content/EngineFonts/Faces/RobotoTiny.uasset" 249
"../../../Engine/Content/EngineFonts/RobotoTiny.uasset" 250
"../../../Engine/Content/EngineMaterials/BaseFlattenDiffuseMap.uasset" 251
"../../../Engine/Content/EngineMaterials/BaseFlattenEmissiveMap.uasset" 252
"../../../Engine/Content/EngineMaterials/BaseFlattenGrayscaleMap.uasset" 253
"../../../Engine/Content/EngineMaterials/BaseFlattenNormalMap.uasset" 254
"../../../Engine/Content/EngineMaterials/BaseFlattenMaterial.uasset" 255
"../../../Engine/Content/EngineMaterials/DefaultBloomKernel.uasset" 256
"../../../Engine/Content/EngineMaterials/DefaultBokeh.uasset" 257
"../../../Engine/Content/EngineMaterials/DefaultDiffuse.uasset" 258
"../../../Engine/Content/EngineMaterials/DefaultDeferredDecalMaterial.uasset" 259
"../../../Engine/Content/EngineMaterials/DefaultLightFunctionMaterial.uasset" 260
"../../../Engine/Content/EngineMaterials/DefaultPhysicalMaterial.uasset" 261
"../../../Engine/Content/EngineMaterials/DefaultPostProcessMaterial.uasset" 262
"../../../Engine/Content/EngineFonts/RobotoDistanceField.uasset" 263
"../../../Engine/Content/EngineMaterials/DefaultTextMaterialOpaque.uasset" 264
"../../../Engine/Content/EngineMaterials/DefaultWhiteGrid.uasset" 265
"../../../Engine/Content/EngineMaterials/EditorBrushMaterial.uasset" 266
"../../../Engine/Content/EngineMaterials/MiniFont.uasset" 267
"../../../Engine/Content/EngineMaterials/InvalidLightmapSettings.uasset" 268
"../../../Engine/Content/EngineMaterials/M_InvalidLightmapSettings.uasset" 269
"../../../Engine/Content/Functions/Engine_MaterialFunctions02/WorldPositionOffset/CameraOffset.uasset" 270
"../../../Engine/Content/EngineMaterials/PhAT_JointLimitMaterial.uasset" 271
"../../../Engine/Content/EngineMaterials/PreintegratedSkinBRDF.uasset" 272
"../../../Engine/Content/EngineMaterials/RemoveSurfaceMaterial.uasset" 273
"../../../Engine/Content/EngineMaterials/WeightMapPlaceholderTexture.uasset" 274
"../../../Engine/Content/EngineResources/WhiteSquareTexture.uasset" 275
"../../../Engine/Content/EngineMaterials/Widget3DPassThrough.uasset" 276
"../../../Engine/Content/EngineMaterials/Widget3DPassThrough_Masked.uasset" 277
"../../../Engine/Content/EngineMaterials/Widget3DPassThrough_Opaque.uasset" 278
"../../../Engine/Content/EngineMaterials/Widget3DPassThrough_Masked_OneSided.uasset" 279
"../../../Engine/Content/EngineMaterials/Widget3DPassThrough_Opaque_OneSided.uasset" 280
"../../../Engine/Content/EngineMaterials/Widget3DPassThrough_Translucent.uasset" 281
"../../../Engine/Content/EngineMaterials/Widget3DPassThrough_Translucent_OneSided.uasset" 282
"../../../Engine/Content/EngineMeshes/Cylinder.uasset" 283
"../../../Engine/Content/EngineMeshes/Sphere.uasset" 284
"../../../Engine/Content/EngineResources/Black.uasset" 285
"../../../Engine/Content/EngineResources/DefaultTexture.uasset" 286
"../../../Engine/Content/EngineResources/DefaultTextureCube.uasset" 287
"../../../Engine/Content/EngineResources/DefaultVolumeTexture2D.uasset" 288
"../../../Engine/Content/EngineResources/DefaultVolumeTexture.uasset" 289
"../../../Engine/Content/EngineResources/GradientTexture0.uasset" 290
"../../../Engine/Content/EngineSounds/Master.uasset" 291
"../../../Engine/Content/Functions/Engine_MaterialFunctions01/Shading/ConvertFromDiffSpec.uasset" 292
"../../../Engine/Content/Functions/Engine_MaterialFunctions01/Shading/PowerToRoughness.uasset" 293
"../../../Engine/Content/Maps/Templates/Thumbnails/Default.uasset" 294
"../../../Engine/Content/Maps/Templates/Thumbnails/VR-Basic.uasset" 295
"../../../Engine/Content/MobileResources/T_MobileControls_texture.uasset" 296
"../../../Engine/Content/MobileResources/T_MobileMenu2.uasset" 297
"../../../Engine/Content/MobileResources/HUD/AnalogHat.uasset" 298
"../../../Engine/Content/MobileResources/HUD/VirtualJoystick_Background.uasset" 299
"../../../Engine/Content/MobileResources/HUD/VirtualJoystick_Thumb.uasset" 300
"../../../Engine/Content/MobileResources/HUD/DefaultVirtualJoysticks.uasset" 301
"../../../Engine/Content/MobileResources/HUD/LeftVirtualJoystickOnly.uasset" 302
"../../../Engine/Content/MobileResources/HUD/MobileHUDButton1_off.uasset" 303
"../../../Engine/Content/MobileResources/HUD/MobileHUDButton1_on.uasset" 304
"../../../Engine/Content/MobileResources/HUD/MobileHUDButton2_off.uasset" 305
"../../../Engine/Content/MobileResources/HUD/MobileHUDButton2_on.uasset" 306
"../../../Engine/Content/MobileResources/HUD/MobileHUDButton3.uasset" 307
"../../../Engine/Content/MobileResources/HUD/MobileHUDButtonFire.uasset" 308
"../../../Engine/Content/MobileResources/HUD/MobileHUDDirectionPad.uasset" 309
"../../../Engine/Content/MobileResources/HUD/MobileHUDDirectionPad2.uasset" 310
"../../../Engine/Content/MobileResources/HUD/MobileHUDDirectionPad3.uasset" 311
"../../../Engine/Content/MobileResources/HUD/MobileHUDDirectionStick.uasset" 312
"../../../Engine/Content/MobileResources/HUD/T_Castle_ThumbstickInner.uasset" 313
"../../../Engine/Content/MobileResources/HUD/T_Castle_ThumbstickOutter.uasset" 314
"../../../Engine/Content/Tutorial/ContentIntroCurve.uasset" 315
"../../../Engine/Content/VREditor/LaserPointer/VR_LaserPower_01.uasset" 316
"../../../Engine/Content/VREditor/TransformGizmo/TransformGizmoMaterial.uasset" 317
"../../../Engine/Content/VREditor/TransformGizmo/TranslucentTransformGizmoMaterial.uasset" 318
"../../../Engine/Content/VREditor/TransformGizmo/BoundingBoxCorner.uasset" 319
"../../../Engine/Content/VREditor/TransformGizmo/BoundingBoxEdge.uasset" 320
"../../../Engine/Content/VREditor/TransformGizmo/PlaneTranslationHandle.uasset" 321
"../../../Engine/Content/VREditor/TransformGizmo/Main.uasset" 322
"../../../Engine/Content/VREditor/TransformGizmo/Xray.uasset" 323
"../../../Engine/Content/VREditor/TransformGizmo/SM_Sequencer_Key.uasset" 324
"../../../Engine/Content/VREditor/TransformGizmo/SM_Sequencer_Node.uasset" 325
"../../Plugins/2D/Paper2D/Content/PlaceholderTextures/DummySpriteTexture.uasset" 326
"../../Plugins/2D/Paper2D/Content/DummySprite.uasset" 327
"../../Plugins/2D/Paper2D/Content/DefaultPaperTerrainMaterial.uasset" 328
"../../Plugins/2D/Paper2D/Content/DefaultSpriteMaterial.uasset" 329
"../../Plugins/2D/Paper2D/Content/MaskedUnlitSpriteMaterial.uasset" 330
"../../Plugins/2D/Paper2D/Content/OpaqueUnlitSpriteMaterial.uasset" 331
"../../Plugins/Runtime/Oculus/OculusVR/Content/Materials/PokeAHoleMaterial.uasset" 332
"../../Plugins/Runtime/Oculus/OculusVR/Content/Textures/GearVRController_AO.uasset" 333
"../../Plugins/Runtime/Oculus/OculusVR/Content/Textures/GearVRController_Color.uasset" 334
"../../Plugins/Runtime/Oculus/OculusVR/Content/Textures/GearVRController_Normal.uasset" 335
"../../Plugins/Runtime/Oculus/OculusVR/Content/Materials/GearVRControllerMaterial.uasset" 336
"../../Plugins/Runtime/Oculus/OculusVR/Content/Meshes/GearVrController.uasset" 337
"../../Plugins/Runtime/Oculus/OculusVR/Content/Textures/touchController_albedo.uasset" 338
"../../Plugins/Runtime/Oculus/OculusVR/Content/Textures/touchController_controlmap.uasset" 339
"../../Plugins/Runtime/Oculus/OculusVR/Content/Materials/touchController_mat.uasset" 340
"../../Plugins/Runtime/Oculus/OculusVR/Content/Meshes/LeftTouchController.uasset" 341
"../../Plugins/Runtime/Oculus/OculusVR/Content/Meshes/RiftHMD.uasset" 342
"../../Plugins/Runtime/Oculus/OculusVR/Content/Meshes/RightTouchController.uasset" 343
"../../../Engine/Content/EditorBlueprintResources/StandardMacros.uasset" 344
"../../../Engine/Content/EngineSky/C_Sky_Cloud_Color.uasset" 345
"../../../Engine/Content/EngineSky/C_Sky_Horizon_Color.uasset" 346
"../../../Engine/Content/EngineSky/C_Sky_Zenith_Color.uasset" 347
"../../../Engine/Content/EngineSky/T_Sky_Blue.uasset" 348
"../../../Engine/Content/EngineSky/T_Sky_Clouds_M.uasset" 349
"../../../Engine/Content/EngineSky/T_Sky_Stars.uasset" 350
"../../../Engine/Content/EngineSky/M_Sky_Panning_Clouds2.uasset" 351
"../../../Engine/Content/EngineSky/SM_SkySphere.uasset" 352
"../../../Engine/Content/EngineSky/BP_Sky_Sphere.uasset" 353
"D:/Venus_GitHub/LudensVR_Project_01/LudensVR_Project_01/Content/LudensVR/Maps/TestMaps/GameLobby_BuiltData.uasset" 354
"D:/Venus_GitHub/LudensVR_Project_01/LudensVR_Project_01/Content/Sci_fi_laboratory/Textures/T_lab_wall_03_BC.uasset" 355
"D:/Venus_GitHub/LudensVR_Project_01/LudensVR_Project_01/Content/Sci_fi_laboratory/Textures/T_lab_wall_03_N.uasset" 356
"D:/Venus_GitHub/LudensVR_Project_01/LudensVR_Project_01/Content/Sci_fi_laboratory/Textures/T_lab_wall_03_ORM.uasset" 357
"D:/Venus_GitHub/LudensVR_Project_01/LudensVR_Project_01/Content/Sci_fi_laboratory/Materials/M_lab_01.uasset" 358
"D:/Venus_GitHub/LudensVR_Project_01/LudensVR_Project_01/Content/Sci_fi_laboratory/Materials/MI_lab_wall_03.uasset" 359
"D:/Venus_GitHub/LudensVR_Project_01/LudensVR_Project_01/Content/Sci_fi_laboratory/Textures/T_lab_floor_01_BC.uasset" 360
"D:/Venus_GitHub/LudensVR_Project_01/LudensVR_Project_01/Content/Sci_fi_laboratory/Textures/T_lab_floor_01_N.uasset" 361
"D:/Venus_GitHub/LudensVR_Project_01/LudensVR_Project_01/Content/Sci_fi_laboratory/Textures/T_lab_floor_01_ORM.uasset" 362
"D:/Venus_GitHub/LudensVR_Project_01/LudensVR_Project_01/Content/Sci_fi_laboratory/Materials/M_lab_floor_01.uasset" 363
"D:/Venus_GitHub/LudensVR_Project_01/LudensVR_Project_01/Content/Sci_fi_laboratory/Meshes/SM_lab_floor_01.uasset" 364
"D:/Venus_GitHub/LudensVR_Project_01/LudensVR_Project_01/Content/LudensVR/Maps/TestMaps/GameLobby.umap" 365
"D:/Venus_GitHub/LudensVR_Project_01/LudensVR_Project_01/Content/LudensVR/Maps/TestMaps/GameLogo_BuiltData.uasset" 366
"D:/Venus_GitHub/LudensVR_Project_01/LudensVR_Project_01/Content/LudensVR/Maps/TestMaps/GameLogo.umap" 367
"D:/Venus_GitHub/LudensVR_Project_01/LudensVR_Project_01/Content/SciFiAnimatedDoors/Textures/Door5/Door5_A.uasset" 368
"D:/Venus_GitHub/LudensVR_Project_01/LudensVR_Project_01/Content/SciFiAnimatedDoors/Textures/Door5/Door5_AO.uasset" 369
"D:/Venus_GitHub/LudensVR_Project_01/LudensVR_Project_01/Content/SciFiAnimatedDoors/Textures/Door5/Door5_E.uasset" 370
"D:/Venus_GitHub/LudensVR_Project_01/LudensVR_Project_01/Content/SciFiAnimatedDoors/Textures/Door5/Door5_M.uasset" 371
"D:/Venus_GitHub/LudensVR_Project_01/LudensVR_Project_01/Content/SciFiAnimatedDoors/Textures/Door5/Door5_N.uasset" 372
"D:/Venus_GitHub/LudensVR_Project_01/LudensVR_Project_01/Content/SciFiAnimatedDoors/Textures/Door5/Door5_rought.uasset" 373
"D:/Venus_GitHub/LudensVR_Project_01/LudensVR_Project_01/Content/scifianimateddoors/materials/Door5/Mat_Door5.uasset" 374
"D:/Venus_GitHub/LudensVR_Project_01/LudensVR_Project_01/Content/SciFiAnimatedDoors/Materials/Door5/Mat_Door5_Inst.uasset" 375
"D:/Venus_GitHub/LudensVR_Project_01/LudensVR_Project_01/Content/scifianimateddoors/textures/Door5/Worn/Door5_A.uasset" 376
"D:/Venus_GitHub/LudensVR_Project_01/LudensVR_Project_01/Content/scifianimateddoors/textures/Door5/Worn/Door5_AO.uasset" 377
"D:/Venus_GitHub/LudensVR_Project_01/LudensVR_Project_01/Content/scifianimateddoors/textures/Door5/Worn/Door5_E.uasset" 378
"D:/Venus_GitHub/LudensVR_Project_01/LudensVR_Project_01/Content/scifianimateddoors/textures/Door5/Worn/Door5_M.uasset" 379
"D:/Venus_GitHub/LudensVR_Project_01/LudensVR_Project_01/Content/scifianimateddoors/textures/Door5/Worn/Door5_N.uasset" 380
"D:/Venus_GitHub/LudensVR_Project_01/LudensVR_Project_01/Content/scifianimateddoors/textures/Door5/Worn/Door5_R.uasset" 381
"D:/Venus_GitHub/LudensVR_Project_01/LudensVR_Project_01/Content/scifianimateddoors/materials/worn/Door5/Mat_Door5_W.uasset" 382
"D:/Venus_GitHub/LudensVR_Project_01/LudensVR_Project_01/Content/scifianimateddoors/materials/worn/Door5/Mat_Door5_W_Inst.uasset" 383
"D:/Venus_GitHub/LudensVR_Project_01/LudensVR_Project_01/Content/SciFiAnimatedDoors/Meshes/Door5/M_Door5_Body.uasset" 384
"D:/Venus_GitHub/LudensVR_Project_01/LudensVR_Project_01/Content/SciFiAnimatedDoors/Meshes/Door5/M_Door5_U_Door5_1.uasset" 385
"D:/Venus_GitHub/LudensVR_Project_01/LudensVR_Project_01/Content/scifianimateddoors/blueprints/BP_Door5.uasset" 386
"D:/Venus_GitHub/LudensVR_Project_01/LudensVR_Project_01/Content/LudensVR/Maps/TestMaps/Map01_BuiltData.uasset" 387
"D:/Venus_GitHub/LudensVR_Project_01/LudensVR_Project_01/Content/Sci_fi_laboratory/Textures/decal_02.uasset" 388
"D:/Venus_GitHub/LudensVR_Project_01/LudensVR_Project_01/Content/Sci_fi_laboratory/Materials/M_decal_01.uasset" 389
"D:/Venus_GitHub/LudensVR_Project_01/LudensVR_Project_01/Content/Sci_fi_laboratory/Textures/decal_03.uasset" 390
"D:/Venus_GitHub/LudensVR_Project_01/LudensVR_Project_01/Content/Sci_fi_laboratory/Materials/M_decal_02.uasset" 391
"D:/Venus_GitHub/LudensVR_Project_01/LudensVR_Project_01/Content/Sci_fi_laboratory/Textures/decal_04.uasset" 392
"D:/Venus_GitHub/LudensVR_Project_01/LudensVR_Project_01/Content/Sci_fi_laboratory/Materials/M_decal_03.uasset" 393
"D:/Venus_GitHub/LudensVR_Project_01/LudensVR_Project_01/Content/Sci_fi_laboratory/Textures/decal_05.uasset" 394
"D:/Venus_GitHub/LudensVR_Project_01/LudensVR_Project_01/Content/Sci_fi_laboratory/Materials/M_decal_04.uasset" 395
"D:/Venus_GitHub/LudensVR_Project_01/LudensVR_Project_01/Content/Sci_fi_laboratory/Textures/decal_06.uasset" 396
"D:/Venus_GitHub/LudensVR_Project_01/LudensVR_Project_01/Content/Sci_fi_laboratory/Materials/M_decal_05.uasset" 397
"D:/Venus_GitHub/LudensVR_Project_01/LudensVR_Project_01/Content/Sci_fi_laboratory/Textures/decal_07.uasset" 398
"D:/Venus_GitHub/LudensVR_Project_01/LudensVR_Project_01/Content/Sci_fi_laboratory/Materials/M_decal_06.uasset" 399
"D:/Venus_GitHub/LudensVR_Project_01/LudensVR_Project_01/Content/Sci_fi_laboratory/Textures/T_bio_tank_01_glass_BC.uasset" 400
"D:/Venus_GitHub/LudensVR_Project_01/LudensVR_Project_01/Content/Sci_fi_laboratory/Textures/T_bio_tank_01_glass_N.uasset" 401
"D:/Venus_GitHub/LudensVR_Project_01/LudensVR_Project_01/Content/Sci_fi_laboratory/Textures/T_bio_tank_01_glass_ORM.uasset" 402
"D:/Venus_GitHub/LudensVR_Project_01/LudensVR_Project_01/Content/Sci_fi_laboratory/Materials/M_Glass1.uasset" 403
"D:/Venus_GitHub/LudensVR_Project_01/LudensVR_Project_01/Content/Sci_fi_laboratory/Textures/T_lab_floor_01_E.uasset" 404
"D:/Venus_GitHub/LudensVR_Project_01/LudensVR_Project_01/Content/Sci_fi_laboratory/Textures/T_lab_floor_em_01_BC.uasset" 405
"D:/Venus_GitHub/LudensVR_Project_01/LudensVR_Project_01/Content/Sci_fi_laboratory/Textures/T_lab_floor_em_01_ORM.uasset" 406
"D:/Venus_GitHub/LudensVR_Project_01/LudensVR_Project_01/Content/Sci_fi_laboratory/Materials/M_lab_floor_em_01.uasset" 407
"D:/Venus_GitHub/LudensVR_Project_01/LudensVR_Project_01/Content/Sci_fi_laboratory/Textures/T_floor_02_N.uasset" 408
"D:/Venus_GitHub/LudensVR_Project_01/LudensVR_Project_01/Content/Sci_fi_laboratory/Textures/T_lab_floor_black_01_BC.uasset" 409
"D:/Venus_GitHub/LudensVR_Project_01/LudensVR_Project_01/Content/Sci_fi_laboratory/Textures/T_lab_floor_black_01_ORM.uasset" 410
"D:/Venus_GitHub/LudensVR_Project_01/LudensVR_Project_01/Content/Sci_fi_laboratory/Materials/M_floor_black_01.uasset" 411
"D:/Venus_GitHub/LudensVR_Project_01/LudensVR_Project_01/Content/Sci_fi_laboratory/Textures/T_floor_02_BC.uasset" 412
"D:/Venus_GitHub/LudensVR_Project_01/LudensVR_Project_01/Content/Sci_fi_laboratory/Textures/T_floor_02_ORM.uasset" 413
"D:/Venus_GitHub/LudensVR_Project_01/LudensVR_Project_01/Content/Sci_fi_laboratory/Materials/MI_floor_02.uasset" 414
"D:/Venus_GitHub/LudensVR_Project_01/LudensVR_Project_01/Content/Sci_fi_laboratory/Textures/T_lab_floor_04_BC.uasset" 415
"D:/Venus_GitHub/LudensVR_Project_01/LudensVR_Project_01/Content/Sci_fi_laboratory/Textures/T_lab_floor_04_N.uasset" 416
"D:/Venus_GitHub/LudensVR_Project_01/LudensVR_Project_01/Content/Sci_fi_laboratory/Textures/T_lab_floor_04_ORM.uasset" 417
"D:/Venus_GitHub/LudensVR_Project_01/LudensVR_Project_01/Content/Sci_fi_laboratory/Materials/MI_lab_floor_04.uasset" 418
"D:/Venus_GitHub/LudensVR_Project_01/LudensVR_Project_01/Content/Sci_fi_laboratory/Textures/T_balcony_01_BC.uasset" 419
"D:/Venus_GitHub/LudensVR_Project_01/LudensVR_Project_01/Content/Sci_fi_laboratory/Textures/T_balcony_01_N.uasset" 420
"D:/Venus_GitHub/LudensVR_Project_01/LudensVR_Project_01/Content/Sci_fi_laboratory/Textures/T_balcony_01_ORM.uasset" 421
"D:/Venus_GitHub/LudensVR_Project_01/LudensVR_Project_01/Content/Sci_fi_laboratory/Materials/MI_balcony_01.uasset" 422
"D:/Venus_GitHub/LudensVR_Project_01/LudensVR_Project_01/Content/Sci_fi_laboratory/Meshes/SM_balcony_01.uasset" 423
"D:/Venus_GitHub/LudensVR_Project_01/LudensVR_Project_01/Content/Sci_fi_laboratory/Textures/T_bio_tank_01_BC.uasset" 424
"D:/Venus_GitHub/LudensVR_Project_01/LudensVR_Project_01/Content/Sci_fi_laboratory/Textures/T_bio_tank_01_E.uasset" 425
"D:/Venus_GitHub/LudensVR_Project_01/LudensVR_Project_01/Content/Sci_fi_laboratory/Textures/T_bio_tank_01_N.uasset" 426
"D:/Venus_GitHub/LudensVR_Project_01/LudensVR_Project_01/Content/Sci_fi_laboratory/Textures/T_bio_tank_01_ORM.uasset" 427
"D:/Venus_GitHub/LudensVR_Project_01/LudensVR_Project_01/Content/Sci_fi_laboratory/Materials/MI_bio_tank_01.uasset" 428
"D:/Venus_GitHub/LudensVR_Project_01/LudensVR_Project_01/Content/Sci_fi_laboratory/Meshes/SM_bio_tank_01.uasset" 429
"D:/Venus_GitHub/LudensVR_Project_01/LudensVR_Project_01/Content/Sci_fi_laboratory/Textures/T_ceiling_01_BC.uasset" 430
"D:/Venus_GitHub/LudensVR_Project_01/LudensVR_Project_01/Content/Sci_fi_laboratory/Textures/T_ceiling_01_E.uasset" 431
"D:/Venus_GitHub/LudensVR_Project_01/LudensVR_Project_01/Content/Sci_fi_laboratory/Textures/T_ceiling_01_N.uasset" 432
"D:/Venus_GitHub/LudensVR_Project_01/LudensVR_Project_01/Content/Sci_fi_laboratory/Textures/T_ceiling_01_ORM.uasset" 433
"D:/Venus_GitHub/LudensVR_Project_01/LudensVR_Project_01/Content/Sci_fi_laboratory/Materials/MI_ceiling_01.uasset" 434
"D:/Venus_GitHub/LudensVR_Project_01/LudensVR_Project_01/Content/Sci_fi_laboratory/Meshes/SM_ceiling_01.uasset" 435
"D:/Venus_GitHub/LudensVR_Project_01/LudensVR_Project_01/Content/Sci_fi_laboratory/Textures/SM_door_3_BC.uasset" 436
"D:/Venus_GitHub/LudensVR_Project_01/LudensVR_Project_01/Content/Sci_fi_laboratory/Textures/SM_door_3_N.uasset" 437
"D:/Venus_GitHub/LudensVR_Project_01/LudensVR_Project_01/Content/Sci_fi_laboratory/Textures/SM_door_3_ORM.uasset" 438
"D:/Venus_GitHub/LudensVR_Project_01/LudensVR_Project_01/Content/Sci_fi_laboratory/Materials/MI_door_3.uasset" 439
"D:/Venus_GitHub/LudensVR_Project_01/LudensVR_Project_01/Content/Sci_fi_laboratory/Textures/SM_door_4_BC.uasset" 440
"D:/Venus_GitHub/LudensVR_Project_01/LudensVR_Project_01/Content/Sci_fi_laboratory/Textures/SM_door_4_N.uasset" 441
"D:/Venus_GitHub/LudensVR_Project_01/LudensVR_Project_01/Content/Sci_fi_laboratory/Textures/SM_door_4_ORM.uasset" 442
"D:/Venus_GitHub/LudensVR_Project_01/LudensVR_Project_01/Content/Sci_fi_laboratory/Materials/MI_door_4.uasset" 443
"D:/Venus_GitHub/LudensVR_Project_01/LudensVR_Project_01/Content/Sci_fi_laboratory/Meshes/SM_door_02.uasset" 444
"D:/Venus_GitHub/LudensVR_Project_01/LudensVR_Project_01/Content/Sci_fi_laboratory/Textures/T_wall_13_BC.uasset" 445
"D:/Venus_GitHub/LudensVR_Project_01/LudensVR_Project_01/Content/Sci_fi_laboratory/Textures/T_wall_13_N.uasset" 446
"D:/Venus_GitHub/LudensVR_Project_01/LudensVR_Project_01/Content/Sci_fi_laboratory/Textures/T_wall_13_ORM.uasset" 447
"D:/Venus_GitHub/LudensVR_Project_01/LudensVR_Project_01/Content/Sci_fi_laboratory/Materials/MI_wall_13.uasset" 448
"D:/Venus_GitHub/LudensVR_Project_01/LudensVR_Project_01/Content/Sci_fi_laboratory/Meshes/SM_fan_01.uasset" 449
"D:/Venus_GitHub/LudensVR_Project_01/LudensVR_Project_01/Content/Sci_fi_laboratory/Textures/T_lab_floor_03_BC.uasset" 450
"D:/Venus_GitHub/LudensVR_Project_01/LudensVR_Project_01/Content/Sci_fi_laboratory/Textures/T_lab_floor_03_N.uasset" 451
"D:/Venus_GitHub/LudensVR_Project_01/LudensVR_Project_01/Content/Sci_fi_laboratory/Textures/T_lab_floor_03_ORM.uasset" 452
"D:/Venus_GitHub/LudensVR_Project_01/LudensVR_Project_01/Content/Sci_fi_laboratory/Materials/MI_lab_floor_03.uasset" 453
"D:/Venus_GitHub/LudensVR_Project_01/LudensVR_Project_01/Content/Sci_fi_laboratory/Meshes/SM_lab_floor_03.uasset" 454
"D:/Venus_GitHub/LudensVR_Project_01/LudensVR_Project_01/Content/Sci_fi_laboratory/Textures/T_lab_floor_05_BC.uasset" 455
"D:/Venus_GitHub/LudensVR_Project_01/LudensVR_Project_01/Content/Sci_fi_laboratory/Textures/T_lab_floor_05_N.uasset" 456
"D:/Venus_GitHub/LudensVR_Project_01/LudensVR_Project_01/Content/Sci_fi_laboratory/Textures/T_lab_floor_05_ORM.uasset" 457
"D:/Venus_GitHub/LudensVR_Project_01/LudensVR_Project_01/Content/Sci_fi_laboratory/Materials/MI_lab_floor_05.uasset" 458
"D:/Venus_GitHub/LudensVR_Project_01/LudensVR_Project_01/Content/Sci_fi_laboratory/Meshes/SM_lab_floor_04.uasset" 459
"D:/Venus_GitHub/LudensVR_Project_01/LudensVR_Project_01/Content/Sci_fi_laboratory/Textures/T_lab_wall_02_BC.uasset" 460
"D:/Venus_GitHub/LudensVR_Project_01/LudensVR_Project_01/Content/Sci_fi_laboratory/Textures/T_lab_wall_02_E.uasset" 461
"D:/Venus_GitHub/LudensVR_Project_01/LudensVR_Project_01/Content/Sci_fi_laboratory/Textures/T_lab_wall_02_N.uasset" 462
"D:/Venus_GitHub/LudensVR_Project_01/LudensVR_Project_01/Content/Sci_fi_laboratory/Textures/T_lab_wall_02_ORM.uasset" 463
"D:/Venus_GitHub/LudensVR_Project_01/LudensVR_Project_01/Content/Sci_fi_laboratory/Materials/M_lab_wall_02.uasset" 464
"D:/Venus_GitHub/LudensVR_Project_01/LudensVR_Project_01/Content/Sci_fi_laboratory/Meshes/SM_lab_wall_02.uasset" 465
"D:/Venus_GitHub/LudensVR_Project_01/LudensVR_Project_01/Content/Sci_fi_laboratory/Textures/T_lab_wall_glass_03_BC.uasset" 466
"D:/Venus_GitHub/LudensVR_Project_01/LudensVR_Project_01/Content/Sci_fi_laboratory/Textures/T_lab_wall_glass_03_N.uasset" 467
"D:/Venus_GitHub/LudensVR_Project_01/LudensVR_Project_01/Content/Sci_fi_laboratory/Textures/T_lab_wall_glass_03_ORM.uasset" 468
"D:/Venus_GitHub/LudensVR_Project_01/LudensVR_Project_01/Content/Sci_fi_laboratory/Materials/M_Glass.uasset" 469
"D:/Venus_GitHub/LudensVR_Project_01/LudensVR_Project_01/Content/Sci_fi_laboratory/Meshes/SM_lab_wall_03.uasset" 470
"D:/Venus_GitHub/LudensVR_Project_01/LudensVR_Project_01/Content/Sci_fi_laboratory/Meshes/SM_lab_wall_04.uasset" 471
"D:/Venus_GitHub/LudensVR_Project_01/LudensVR_Project_01/Content/Sci_fi_laboratory/Textures/T_lab_wall_05_BC.uasset" 472
"D:/Venus_GitHub/LudensVR_Project_01/LudensVR_Project_01/Content/Sci_fi_laboratory/Textures/T_lab_wall_05_N.uasset" 473
"D:/Venus_GitHub/LudensVR_Project_01/LudensVR_Project_01/Content/Sci_fi_laboratory/Textures/T_lab_wall_05_ORM.uasset" 474
"D:/Venus_GitHub/LudensVR_Project_01/LudensVR_Project_01/Content/Sci_fi_laboratory/Materials/M_lab_wall_05.uasset" 475
"D:/Venus_GitHub/LudensVR_Project_01/LudensVR_Project_01/Content/Sci_fi_laboratory/Meshes/SM_lab_wall_05.uasset" 476
"D:/Venus_GitHub/LudensVR_Project_01/LudensVR_Project_01/Content/Sci_fi_laboratory/Textures/T_lab_wall_06_BC.uasset" 477
"D:/Venus_GitHub/LudensVR_Project_01/LudensVR_Project_01/Content/Sci_fi_laboratory/Textures/T_lab_wall_06_N.uasset" 478
"D:/Venus_GitHub/LudensVR_Project_01/LudensVR_Project_01/Content/Sci_fi_laboratory/Textures/T_lab_wall_06_ORM.uasset" 479
"D:/Venus_GitHub/LudensVR_Project_01/LudensVR_Project_01/Content/Sci_fi_laboratory/Materials/M_lab_wall_06_glass.uasset" 480
"D:/Venus_GitHub/LudensVR_Project_01/LudensVR_Project_01/Content/Sci_fi_laboratory/Materials/M_lab_wall_06.uasset" 481
"D:/Venus_GitHub/LudensVR_Project_01/LudensVR_Project_01/Content/Sci_fi_laboratory/Meshes/SM_lab_wall_06.uasset" 482
"D:/Venus_GitHub/LudensVR_Project_01/LudensVR_Project_01/Content/Sci_fi_laboratory/Textures/T_lab_floor_com_01_BC.uasset" 483
"D:/Venus_GitHub/LudensVR_Project_01/LudensVR_Project_01/Content/Sci_fi_laboratory/Textures/T_lab_floor_com_01_N.uasset" 484
"D:/Venus_GitHub/LudensVR_Project_01/LudensVR_Project_01/Content/Sci_fi_laboratory/Textures/T_lab_floor_com_01_ORM.uasset" 485
"D:/Venus_GitHub/LudensVR_Project_01/LudensVR_Project_01/Content/Sci_fi_laboratory/Materials/M_lab_floor_com_01.uasset" 486
"D:/Venus_GitHub/LudensVR_Project_01/LudensVR_Project_01/Content/Sci_fi_laboratory/Textures/T_lab_wall_08_BC.uasset" 487
"D:/Venus_GitHub/LudensVR_Project_01/LudensVR_Project_01/Content/Sci_fi_laboratory/Textures/T_lab_wall_08_N.uasset" 488
"D:/Venus_GitHub/LudensVR_Project_01/LudensVR_Project_01/Content/Sci_fi_laboratory/Textures/T_lab_wall_08_ORM.uasset" 489
"D:/Venus_GitHub/LudensVR_Project_01/LudensVR_Project_01/Content/Sci_fi_laboratory/Materials/MI_lab_wall_08.uasset" 490
"D:/Venus_GitHub/LudensVR_Project_01/LudensVR_Project_01/Content/Sci_fi_laboratory/Meshes/SM_lab_wall_08.uasset" 491
"D:/Venus_GitHub/LudensVR_Project_01/LudensVR_Project_01/Content/Sci_fi_laboratory/Textures/T_lab_wall_09_BC.uasset" 492
"D:/Venus_GitHub/LudensVR_Project_01/LudensVR_Project_01/Content/Sci_fi_laboratory/Textures/T_lab_wall_09_N.uasset" 493
"D:/Venus_GitHub/LudensVR_Project_01/LudensVR_Project_01/Content/Sci_fi_laboratory/Textures/T_lab_wall_09_ORM.uasset" 494
"D:/Venus_GitHub/LudensVR_Project_01/LudensVR_Project_01/Content/Sci_fi_laboratory/Materials/MI_lab_wall_09.uasset" 495
"D:/Venus_GitHub/LudensVR_Project_01/LudensVR_Project_01/Content/Sci_fi_laboratory/Meshes/SM_lab_wall_09.uasset" 496
"D:/Venus_GitHub/LudensVR_Project_01/LudensVR_Project_01/Content/Sci_fi_laboratory/Textures/T_lab_wall_11_BC.uasset" 497
"D:/Venus_GitHub/LudensVR_Project_01/LudensVR_Project_01/Content/Sci_fi_laboratory/Textures/T_lab_wall_11_E.uasset" 498
"D:/Venus_GitHub/LudensVR_Project_01/LudensVR_Project_01/Content/Sci_fi_laboratory/Textures/T_lab_wall_11_N.uasset" 499
"D:/Venus_GitHub/LudensVR_Project_01/LudensVR_Project_01/Content/Sci_fi_laboratory/Textures/T_lab_wall_11_ORM.uasset" 500
"D:/Venus_GitHub/LudensVR_Project_01/LudensVR_Project_01/Content/Sci_fi_laboratory/Materials/MI_lab_wall_11.uasset" 501
"D:/Venus_GitHub/LudensVR_Project_01/LudensVR_Project_01/Content/Sci_fi_laboratory/Meshes/SM_lab_wall_11.uasset" 502
"D:/Venus_GitHub/LudensVR_Project_01/LudensVR_Project_01/Content/Sci_fi_laboratory/Textures/T_lab_wall_12_BC.uasset" 503
"D:/Venus_GitHub/LudensVR_Project_01/LudensVR_Project_01/Content/Sci_fi_laboratory/Textures/T_lab_wall_12_E.uasset" 504
"D:/Venus_GitHub/LudensVR_Project_01/LudensVR_Project_01/Content/Sci_fi_laboratory/Textures/T_lab_wall_12_N.uasset" 505
"D:/Venus_GitHub/LudensVR_Project_01/LudensVR_Project_01/Content/Sci_fi_laboratory/Textures/T_lab_wall_12_ORM.uasset" 506
"D:/Venus_GitHub/LudensVR_Project_01/LudensVR_Project_01/Content/Sci_fi_laboratory/Materials/MI_lab_wall_12.uasset" 507
"D:/Venus_GitHub/LudensVR_Project_01/LudensVR_Project_01/Content/Sci_fi_laboratory/Textures/T_lab_wall_13_BC.uasset" 508
"D:/Venus_GitHub/LudensVR_Project_01/LudensVR_Project_01/Content/Sci_fi_laboratory/Textures/T_lab_wall_13_N.uasset" 509
"D:/Venus_GitHub/LudensVR_Project_01/LudensVR_Project_01/Content/Sci_fi_laboratory/Textures/T_lab_wall_13_ORM.uasset" 510
"D:/Venus_GitHub/LudensVR_Project_01/LudensVR_Project_01/Content/Sci_fi_laboratory/Materials/MI_lab_wall_13.uasset" 511
"D:/Venus_GitHub/LudensVR_Project_01/LudensVR_Project_01/Content/Sci_fi_laboratory/Meshes/SM_lab_wall_12.uasset" 512
"D:/Venus_GitHub/LudensVR_Project_01/LudensVR_Project_01/Content/Sci_fi_laboratory/Meshes/SM_lab_wall_cor_02.uasset" 513
"D:/Venus_GitHub/LudensVR_Project_01/LudensVR_Project_01/Content/Sci_fi_laboratory/Textures/T_lamp_02_BC.uasset" 514
"D:/Venus_GitHub/LudensVR_Project_01/LudensVR_Project_01/Content/Sci_fi_laboratory/Textures/T_lamp_02_E.uasset" 515
"D:/Venus_GitHub/LudensVR_Project_01/LudensVR_Project_01/Content/Sci_fi_laboratory/Textures/T_lamp_02_N.uasset" 516
"D:/Venus_GitHub/LudensVR_Project_01/LudensVR_Project_01/Content/Sci_fi_laboratory/Textures/T_lamp_02_ORM.uasset" 517
"D:/Venus_GitHub/LudensVR_Project_01/LudensVR_Project_01/Content/Sci_fi_laboratory/Materials/MI_lamp_02.uasset" 518
"D:/Venus_GitHub/LudensVR_Project_01/LudensVR_Project_01/Content/Sci_fi_laboratory/Meshes/SM_lamp_02.uasset" 519
"D:/Venus_GitHub/LudensVR_Project_01/LudensVR_Project_01/Content/Sci_fi_laboratory/Meshes/SM_lamp_03.uasset" 520
"D:/Venus_GitHub/LudensVR_Project_01/LudensVR_Project_01/Content/Sci_fi_laboratory/Textures/T_light_set_01_BC.uasset" 521
"D:/Venus_GitHub/LudensVR_Project_01/LudensVR_Project_01/Content/Sci_fi_laboratory/Textures/T_light_set_01_E.uasset" 522
"D:/Venus_GitHub/LudensVR_Project_01/LudensVR_Project_01/Content/Sci_fi_laboratory/Textures/T_light_set_01_N.uasset" 523
"D:/Venus_GitHub/LudensVR_Project_01/LudensVR_Project_01/Content/Sci_fi_laboratory/Textures/T_light_set_01_ORM.uasset" 524
"D:/Venus_GitHub/LudensVR_Project_01/LudensVR_Project_01/Content/Sci_fi_laboratory/Materials/MI_light_set_01.uasset" 525
"D:/Venus_GitHub/LudensVR_Project_01/LudensVR_Project_01/Content/Sci_fi_laboratory/Meshes/SM_light_set_02.uasset" 526
"D:/Venus_GitHub/LudensVR_Project_01/LudensVR_Project_01/Content/Sci_fi_laboratory/Textures/T_rock_01_BC.uasset" 527
"D:/Venus_GitHub/LudensVR_Project_01/LudensVR_Project_01/Content/Sci_fi_laboratory/Textures/T_rock_01_N.uasset" 528
"D:/Venus_GitHub/LudensVR_Project_01/LudensVR_Project_01/Content/Sci_fi_laboratory/Textures/T_rock_01_ORM.uasset" 529
"D:/Venus_GitHub/LudensVR_Project_01/LudensVR_Project_01/Content/Sci_fi_laboratory/Materials/MI_rock_01.uasset" 530
"D:/Venus_GitHub/LudensVR_Project_01/LudensVR_Project_01/Content/Sci_fi_laboratory/Meshes/SM_rock_01.uasset" 531
"D:/Venus_GitHub/LudensVR_Project_01/LudensVR_Project_01/Content/Sci_fi_laboratory/Meshes/SM_stairs_01.uasset" 532
"D:/Venus_GitHub/LudensVR_Project_01/LudensVR_Project_01/Content/Sci_fi_laboratory/Meshes/SM_stairs_02.uasset" 533
"D:/Venus_GitHub/LudensVR_Project_01/LudensVR_Project_01/Content/Sci_fi_laboratory/Textures/T_wall_11_BC.uasset" 534
"D:/Venus_GitHub/LudensVR_Project_01/LudensVR_Project_01/Content/Sci_fi_laboratory/Textures/T_wall_11_N.uasset" 535
"D:/Venus_GitHub/LudensVR_Project_01/LudensVR_Project_01/Content/Sci_fi_laboratory/Textures/T_wall_11_ORM.uasset" 536
"D:/Venus_GitHub/LudensVR_Project_01/LudensVR_Project_01/Content/Sci_fi_laboratory/Materials/MI_wall_11.uasset" 537
"D:/Venus_GitHub/LudensVR_Project_01/LudensVR_Project_01/Content/Sci_fi_laboratory/Meshes/SM_wall_10.uasset" 538
"D:/Venus_GitHub/LudensVR_Project_01/LudensVR_Project_01/Content/Sci_fi_laboratory/Textures/T_wall_12_BC.uasset" 539
"D:/Venus_GitHub/LudensVR_Project_01/LudensVR_Project_01/Content/Sci_fi_laboratory/Textures/T_wall_12_N.uasset" 540
"D:/Venus_GitHub/LudensVR_Project_01/LudensVR_Project_01/Content/Sci_fi_laboratory/Textures/T_wall_12_ORM.uasset" 541
"D:/Venus_GitHub/LudensVR_Project_01/LudensVR_Project_01/Content/Sci_fi_laboratory/Materials/MI_wall_12.uasset" 542
"D:/Venus_GitHub/LudensVR_Project_01/LudensVR_Project_01/Content/Sci_fi_laboratory/Meshes/SM_wall_11.uasset" 543
"D:/Venus_GitHub/LudensVR_Project_01/LudensVR_Project_01/Content/Sci_fi_laboratory/Meshes/SM_wall_12.uasset" 544
"D:/Venus_GitHub/LudensVR_Project_01/LudensVR_Project_01/Content/Sci_fi_laboratory/Textures/T_wall_10_BC.uasset" 545
"D:/Venus_GitHub/LudensVR_Project_01/LudensVR_Project_01/Content/Sci_fi_laboratory/Textures/T_wall_10_N.uasset" 546
"D:/Venus_GitHub/LudensVR_Project_01/LudensVR_Project_01/Content/Sci_fi_laboratory/Textures/T_wall_10_ORM.uasset" 547
"D:/Venus_GitHub/LudensVR_Project_01/LudensVR_Project_01/Content/Sci_fi_laboratory/Materials/MI_wall_10.uasset" 548
"D:/Venus_GitHub/LudensVR_Project_01/LudensVR_Project_01/Content/Sci_fi_laboratory/Meshes/SM_wall_part_01.uasset" 549
"D:/Venus_GitHub/LudensVR_Project_01/LudensVR_Project_01/Content/Sci_fi_laboratory/Textures/T_hdrmap.uasset" 550
"D:/Venus_GitHub/LudensVR_Project_01/LudensVR_Project_01/Content/LudensVR/Maps/TestMaps/Map01.umap" 551
"D:/Venus_GitHub/LudensVR_Project_01/LudensVR_Project_01/Content/SciFiAnimatedDoors/Textures/Door3/Door3_A.uasset" 552
"D:/Venus_GitHub/LudensVR_Project_01/LudensVR_Project_01/Content/SciFiAnimatedDoors/Textures/Door3/Door3_AO.uasset" 553
"D:/Venus_GitHub/LudensVR_Project_01/LudensVR_Project_01/Content/SciFiAnimatedDoors/Textures/Door3/Door3_e.uasset" 554
"D:/Venus_GitHub/LudensVR_Project_01/LudensVR_Project_01/Content/SciFiAnimatedDoors/Textures/Door3/Door3_M.uasset" 555
"D:/Venus_GitHub/LudensVR_Project_01/LudensVR_Project_01/Content/SciFiAnimatedDoors/Textures/Door3/Door3_n.uasset" 556
"D:/Venus_GitHub/LudensVR_Project_01/LudensVR_Project_01/Content/SciFiAnimatedDoors/Textures/Door3/Door3_rought.uasset" 557
"D:/Venus_GitHub/LudensVR_Project_01/LudensVR_Project_01/Content/scifianimateddoors/materials/Door3/Mat_Door3.uasset" 558
"D:/Venus_GitHub/LudensVR_Project_01/LudensVR_Project_01/Content/SciFiAnimatedDoors/Materials/Door3/Mat_Door3_Inst.uasset" 559
"D:/Venus_GitHub/LudensVR_Project_01/LudensVR_Project_01/Content/SciFiAnimatedDoors/Textures/Door3/Worn/Door3_a.uasset" 560
"D:/Venus_GitHub/LudensVR_Project_01/LudensVR_Project_01/Content/SciFiAnimatedDoors/Textures/Door3/Worn/Door3_AO.uasset" 561
"D:/Venus_GitHub/LudensVR_Project_01/LudensVR_Project_01/Content/SciFiAnimatedDoors/Textures/Door3/Worn/Door3_e.uasset" 562
"D:/Venus_GitHub/LudensVR_Project_01/LudensVR_Project_01/Content/SciFiAnimatedDoors/Textures/Door3/Worn/Door3_m.uasset" 563
"D:/Venus_GitHub/LudensVR_Project_01/LudensVR_Project_01/Content/SciFiAnimatedDoors/Textures/Door3/Worn/Door3_n.uasset" 564
"D:/Venus_GitHub/LudensVR_Project_01/LudensVR_Project_01/Content/SciFiAnimatedDoors/Textures/Door3/Worn/Door3_R.uasset" 565
"D:/Venus_GitHub/LudensVR_Project_01/LudensVR_Project_01/Content/scifianimateddoors/materials/worn/Door3/Mat_Door3_W.uasset" 566
"D:/Venus_GitHub/LudensVR_Project_01/LudensVR_Project_01/Content/scifianimateddoors/materials/worn/Door3/Mat_Door3_W_Inst.uasset" 567
"D:/Venus_GitHub/LudensVR_Project_01/LudensVR_Project_01/Content/SciFiAnimatedDoors/Meshes/Door3/M_Door3_Body.uasset" 568
"D:/Venus_GitHub/LudensVR_Project_01/LudensVR_Project_01/Content/SciFiAnimatedDoors/Meshes/Door3/M_Door3_U_Door3_1.uasset" 569
"D:/Venus_GitHub/LudensVR_Project_01/LudensVR_Project_01/Content/SciFiAnimatedDoors/Meshes/Door3/M_Door3_U_Door3_2.uasset" 570
"D:/Venus_GitHub/LudensVR_Project_01/LudensVR_Project_01/Content/scifianimateddoors/blueprints/BP_Door3.uasset" 571
"D:/Venus_GitHub/LudensVR_Project_01/LudensVR_Project_01/Content/ProtoLevel/ProtoLevel04_2_BuiltData.uasset" 572
"D:/Venus_GitHub/LudensVR_Project_01/LudensVR_Project_01/Content/FxAndUiFunctions/MaterialFunctions/Utility/MF_CartesianToPolar_01.uasset" 573
"D:/Venus_GitHub/LudensVR_Project_01/LudensVR_Project_01/Content/FxAndUiFunctions/MaterialFunctions/Utility/MF_Logarithm_01.uasset" 574
"D:/Venus_GitHub/LudensVR_Project_01/LudensVR_Project_01/Content/FxAndUiFunctions/MaterialFunctions/Utility/MF_CutOff_Smooth_01.uasset" 575
"D:/Venus_GitHub/LudensVR_Project_01/LudensVR_Project_01/Content/FxAndUiFunctions/MaterialFunctions/Polygon/MF_Polygon_01.uasset" 576
"D:/Venus_GitHub/LudensVR_Project_01/LudensVR_Project_01/Content/FxAndUiFunctions/MaterialFunctions/Utility/MF_CutOff_Sharp_01.uasset" 577
"D:/Venus_GitHub/LudensVR_Project_01/LudensVR_Project_01/Content/FxAndUiFunctions/MaterialFunctions/Utility/MF_MaskValue_Smooth_01.uasset" 578
"D:/Venus_GitHub/LudensVR_Project_01/LudensVR_Project_01/Content/FxAndUiFunctions/MaterialFunctions/Utility/MF_Posterize_01.uasset" 579
"D:/Venus_GitHub/LudensVR_Project_01/LudensVR_Project_01/Content/FxAndUiFunctions/MaterialExamples/AdvancedExamples/UI/M_TriangleCounter_01.uasset" 580
"D:/Venus_GitHub/LudensVR_Project_01/LudensVR_Project_01/Content/FxAndUiFunctions/MaterialExamples/AdvancedExamples/UI/MI_TriangleCounter_01.uasset" 581
"D:/Venus_GitHub/LudensVR_Project_01/LudensVR_Project_01/Content/LudensVR/Mesh/SM_Plane_01.uasset" 582
"D:/Venus_GitHub/LudensVR_Project_01/LudensVR_Project_01/Content/StylisedCombatFX/Textures/T_Highlight_Slash.uasset" 583
"D:/Venus_GitHub/LudensVR_Project_01/LudensVR_Project_01/Content/StylisedCombatFX/Textures/T_Noises.uasset" 584
"D:/Venus_GitHub/LudensVR_Project_01/LudensVR_Project_01/Content/StylisedCombatFX/Materials/M_ParticleTexture.uasset" 585
"D:/Venus_GitHub/LudensVR_Project_01/LudensVR_Project_01/Content/StylisedCombatFX/Textures/T_Highlight_Ring.uasset" 586
"D:/Venus_GitHub/LudensVR_Project_01/LudensVR_Project_01/Content/StylisedCombatFX/Materials/MIC_Highlight_Ring.uasset" 587
"D:/Venus_GitHub/LudensVR_Project_01/LudensVR_Project_01/Content/StylisedCombatFX/Materials/MIC_Highlight_Slash.uasset" 588
"D:/Venus_GitHub/LudensVR_Project_01/LudensVR_Project_01/Content/StylisedCombatFX/Textures/T_Impact_Ring.uasset" 589
"D:/Venus_GitHub/LudensVR_Project_01/LudensVR_Project_01/Content/LudensVR/Particle/P_Highlight1.uasset" 590
"D:/Venus_GitHub/LudensVR_Project_01/LudensVR_Project_01/Content/Sci_fi_laboratory/Meshes/SM_door_02_part_02.uasset" 591
"D:/Venus_GitHub/LudensVR_Project_01/LudensVR_Project_01/Content/Sci_fi_laboratory/Meshes/SM_door_02_part_03.uasset" 592
"D:/Venus_GitHub/LudensVR_Project_01/LudensVR_Project_01/Content/Sci_fi_laboratory/Textures/T_lab_wall_07_BC.uasset" 593
"D:/Venus_GitHub/LudensVR_Project_01/LudensVR_Project_01/Content/Sci_fi_laboratory/Textures/T_lab_wall_07_E.uasset" 594
"D:/Venus_GitHub/LudensVR_Project_01/LudensVR_Project_01/Content/Sci_fi_laboratory/Textures/T_lab_wall_07_N.uasset" 595
"D:/Venus_GitHub/LudensVR_Project_01/LudensVR_Project_01/Content/Sci_fi_laboratory/Textures/T_lab_wall_07_ORM.uasset" 596
"D:/Venus_GitHub/LudensVR_Project_01/LudensVR_Project_01/Content/Sci_fi_laboratory/Materials/MI_lab_wall_07.uasset" 597
"D:/Venus_GitHub/LudensVR_Project_01/LudensVR_Project_01/Content/Sci_fi_laboratory/Meshes/SM_lab_wall_07.uasset" 598
"D:/Venus_GitHub/LudensVR_Project_01/LudensVR_Project_01/Content/StylisedCombatFX/Textures/T_Highlight_Rays.uasset" 599
"D:/Venus_GitHub/LudensVR_Project_01/LudensVR_Project_01/Content/StylisedCombatFX/Materials/M_ParticleRotating.uasset" 600
"D:/Venus_GitHub/LudensVR_Project_01/LudensVR_Project_01/Content/StylisedCombatFX/Materials/MIC_Highlight_Rays.uasset" 601
"D:/Venus_GitHub/LudensVR_Project_01/LudensVR_Project_01/Content/StylisedCombatFX/Particles/P_Highlight_Ring.uasset" 602
"D:/Venus_GitHub/LudensVR_Project_01/LudensVR_Project_01/Content/ProtoLevel/ProtoLevel04_2.umap" 603
"../../../Engine/Content/Maps/Entry_BuiltData.uasset" 604
"../../../Engine/Content/Maps/Entry.umap" 605
